<?xml version="1.0" encoding="UTF-8"?>
<testng-results ignored="0" total="1" passed="1" failed="0" skipped="0">
  <reporter-output>
  </reporter-output>
  <suite started-at="2022-08-30T02:54:19 GMT-07:00" name="Default suite" finished-at="2022-08-30T02:54:43 GMT-07:00" duration-ms="23922">
    <groups>
    </groups>
    <test started-at="2022-08-30T02:54:19 GMT-07:00" name="Default test" finished-at="2022-08-30T02:54:43 GMT-07:00" duration-ms="23922">
      <class name="TestNGFramework.demo1.VerifySignUpTestCases">
        <test-method is-config="true" signature="launchbrowser()[pri:0, instance:TestNGFramework.demo1.VerifySignUpTestCases@5acf93bb]" started-at="2022-08-30T02:54:19 GMT-07:00" name="launchbrowser" finished-at="2022-08-30T02:54:24 GMT-07:00" duration-ms="4825" status="PASS">
          <reporter-output>
          </reporter-output>
        </test-method> <!-- launchbrowser -->
        <test-method signature="SignUp()[pri:0, instance:TestNGFramework.demo1.VerifySignUpTestCases@5acf93bb]" started-at="2022-08-30T02:54:24 GMT-07:00" name="SignUp" finished-at="2022-08-30T02:54:43 GMT-07:00" duration-ms="19038" status="PASS">
          <reporter-output>
          </reporter-output>
        </test-method> <!-- SignUp -->
      </class> <!-- TestNGFramework.demo1.VerifySignUpTestCases -->
    </test> <!-- Default test -->
  </suite> <!-- Default suite -->
</testng-results>
